<?xml version="1.0" ?>
<coverage version="6.2.1" timestamp="2024-01-15 22:30:00" lines-valid="100" lines-covered="70" line-rate="0.7" branches-covered="0" branches-valid="0" branch-rate="0" complexity="0">
    <sources>
        <source>api</source>
    </sources>
    <packages>
        <package name="api" line-rate="0.7" branch-rate="0" complexity="0">
            <classes>
                <class name="main" filename="api/main.py" complexity="0" line-rate="0.7" branch-rate="0">
                    <methods/>
                    <lines>
                        <line number="1" hits="1"/>
                    </lines>
                </class>
            </classes>
        </package>
    </packages>
</coverage>
